#
# A fatal error has been detected by the Java Runtime Environment:
#
#  EXCEPTION_ACCESS_VIOLATION (0xc0000005) at pc=0x00007ffa119ae834, pid=764, tid=6460
#
# JRE version: OpenJDK Runtime Environment Temurin-17.0.18+8 (17.0.18+8) (build 17.0.18+8)
# Java VM: OpenJDK 64-Bit Server VM Temurin-17.0.18+8 (17.0.18+8, mixed mode, sharing, tiered, compressed oops, compressed class ptrs, g1 gc, windows-amd64)
# Problematic frame:
# V  [jvm.dll+0x1be834]
#
# No core dump will be written. Minidumps are not enabled by default on client versions of Windows
#
# If you would like to submit a bug report, please visit:
#   https://github.com/adoptium/adoptium-support/issues
#

---------------  S U M M A R Y ------------

Command Line: --add-opens=java.base/java.lang=ALL-UNNAMED --add-opens=java.base/java.lang.invoke=ALL-UNNAMED --add-opens=java.base/java.util=ALL-UNNAMED --add-opens=java.prefs/java.util.prefs=ALL-UNNAMED --add-exports=jdk.compiler/com.sun.tools.javac.api=ALL-UNNAMED --add-exports=jdk.compiler/com.sun.tools.javac.util=ALL-UNNAMED --add-opens=java.base/java.util=ALL-UNNAMED --add-opens=java.prefs/java.util.prefs=ALL-UNNAMED --add-opens=java.base/java.nio.charset=ALL-UNNAMED --add-opens=java.base/java.net=ALL-UNNAMED --add-opens=java.base/java.util.concurrent.atomic=ALL-UNNAMED --add-opens=java.xml/javax.xml.namespace=ALL-UNNAMED -XX:MaxMetaspaceSize=512m -Xmx4096m -Dfile.encoding=UTF-8 -Duser.country=MX -Duser.language=es -Duser.variant -javaagent:C:\Users\Usuario\.gradle\wrapper\dists\gradle-8.14.3-bin\cv11ve7ro1n3o1j4so8xd9n66\gradle-8.14.3\lib\agents\gradle-instrumentation-agent-8.14.3.jar org.gradle.launcher.daemon.bootstrap.GradleDaemon 8.14.3

Host: Intel(R) Core(TM) i5-8365U CPU @ 1.60GHz, 8 cores, 15G,  Windows 11 , 64 bit Build 26100 (10.0.26100.7623)
Time: Wed Feb 18 20:03:38 2026 Hora estándar central (México) elapsed time: 12.484924 seconds (0d 0h 0m 12s)

---------------  T H R E A D  ---------------

Current thread (0x000001634680b900):  JavaThread "C2 CompilerThread2" daemon [_thread_in_native, id=6460, stack(0x0000000a1cf00000,0x0000000a1d000000)]


Current CompileTask:
C2:12485 2579       4       java.net.URLClassLoader$1::run (5 bytes)

Stack: [0x0000000a1cf00000,0x0000000a1d000000],  sp=0x0000000a1cffbb60,  free space=1006k
Native frames: (J=compiled Java code, j=interpreted, Vv=VM code, C=native code)
V  [jvm.dll+0x1be834]
V  [jvm.dll+0x1bc403]
V  [jvm.dll+0x219f10]
V  [jvm.dll+0x219200]
V  [jvm.dll+0x1a4920]
V  [jvm.dll+0x22989a]
V  [jvm.dll+0x227a4b]
V  [jvm.dll+0x7f0658]
V  [jvm.dll+0x7eaaec]
V  [jvm.dll+0x6835c7]
C  [ucrtbase.dll+0x37b0]
C  [KERNEL32.DLL+0x2e8d7]
C  [ntdll.dll+0x8c53c]


siginfo: EXCEPTION_ACCESS_VIOLATION (0xc0000005), reading address 0xffffffffffffffff


Registers:
RAX=0x0004016347e340d0, RBX=0x000001634525fe30, RCX=0x0000000000000000, RDX=0x0000000000000001
RSP=0x0000000a1cffbb60, RBP=0x00000163479cfdd0, RSI=0x0000016347e340d0, RDI=0xffffffffffffffff
R8 =0x00000000ffffffff, R9 =0x0000000000000001, R10=0x000000000000000a, R11=0x3333333333333333
R12=0x0000000000000001, R13=0x0000000000000001, R14=0x00000163486533f8, R15=0x0004016347e340d0
RIP=0x00007ffa119ae834, EFLAGS=0x0000000000010202

XMM[0]=0x0000000000000000 0x3e622a9fa584acef
XMM[1]=0x0000000000000000 0x0000000000000000
XMM[2]=0x0000000000000000 0x0000000000000000
XMM[3]=0x0000000000000000 0x0000000000000000
XMM[4]=0x0000000000000000 0x0000000000000000
XMM[5]=0x0000000000000000 0x0000000000000000
XMM[6]=0x0000000000000000 0x408f400000000000
XMM[7]=0x0000000000000000 0x0000000000000000
XMM[8]=0x0000000000000000 0x0000000000000000
XMM[9]=0x0000000000000000 0x0000000000000000
XMM[10]=0x0000000000000000 0x0000000000000000
XMM[11]=0x0000000000000000 0x0000000000000000
XMM[12]=0x0000000000000000 0x0000000000000000
XMM[13]=0x0000000000000000 0x0000000000000000
XMM[14]=0x0000000000000000 0x0000000000000000
XMM[15]=0x0000000000000000 0x0000000000000000
  MXCSR=0x00001fa0


Register to memory mapping:

RIP=0x00007ffa119ae834 jvm.dll
RAX=0x0004016347e340d0 is an unknown value
RBX=0x000001634525fe30 points into unknown readable memory: 0x0000000000000000 | 00 00 00 00 00 00 00 00
RCX=0x0 is NULL
RDX=0x0000000000000001 is an unknown value
RSP=0x0000000a1cffbb60 is pointing into the stack for thread: 0x000001634680b900
RBP=0x00000163479cfdd0 points into unknown readable memory: 0x00007ffa121c19c8 | c8 19 1c 12 fa 7f 00 00
RSI=0x0000016347e340d0 points into unknown readable memory: 0x0001000105555455 | 55 54 55 05 01 00 01 00
RDI=0xffffffffffffffff is an unknown value
R8 =0x00000000ffffffff is an unknown value
R9 =0x0000000000000001 is an unknown value
R10=0x000000000000000a is an unknown value
R11=0x3333333333333333 is an unknown value
R12=0x0000000000000001 is an unknown value
R13=0x0000000000000001 is an unknown value
R14=0x00000163486533f8 points into unknown readable memory: 0x00007ffa12125af0 | f0 5a 12 12 fa 7f 00 00
R15=0x0004016347e340d0 is an unknown value


Top of Stack: (sp=0x0000000a1cffbb60)
0x0000000a1cffbb60:   0000000000000002 00000000000003e7
0x0000000a1cffbb70:   000001633e208dd0 000001633e208f30
0x0000000a1cffbb80:   000004000000003b 00007ffa00000002
0x0000000a1cffbb90:   000001633e208dd0 0000000000000120
0x0000000a1cffbba0:   0000000000000000 0000000000000000
0x0000000a1cffbbb0:   0000000000182130 0000000a1cffc160
0x0000000a1cffbbc0:   0000016343d9d070 0000000000000000
0x0000000a1cffbbd0:   0000000a1cffc090 0000000a1cffbd00
0x0000000a1cffbbe0:   0000016343d9d060 0000000a1cffe9a0
0x0000000a1cffbbf0:   0000000a1cffc080 00007ffa119ac403
0x0000000a1cffbc00:   0000000a1cffc080 0000000a1cffbd01
0x0000000a1cffbc10:   0000000a1cffc001 00000000ffffffff
0x0000000a1cffbc20:   0000016347b5a000 00007ffaa450bc5f
0x0000000a1cffbc30:   0000016300000006 0000016343d9d060
0x0000000a1cffbc40:   0000016345957e10 000001634595c080
0x0000000a1cffbc50:   000001634595fdf8 0000000000560978
0x0000000a1cffbc60:   0000016343d9d060 0000000000000001
0x0000000a1cffbc70:   0000000000000000 0000000000000000
0x0000000a1cffbc80:   0000000000000000 0000000000000000
0x0000000a1cffbc90:   0000000000000000 00007ffa12125cc0
0x0000000a1cffbca0:   0000000000000000 0000000000000000
0x0000000a1cffbcb0:   0000000000000000 00007ffa12125cc0
0x0000000a1cffbcc0:   0000000000007f00 00007ffaa458714d
0x0000000a1cffbcd0:   0000000a0000000c 0000000a1cffe9a0
0x0000000a1cffbce0:   0000016344fa9050 0000000000000100
0x0000000a1cffbcf0:   0000016345112050 00007ffa0000231a
0x0000000a1cffbd00:   0000000a1cffbc30 0000016343d9d070
0x0000000a1cffbd10:   00007ffa12125c90 000000000000000d
0x0000000a1cffbd20:   0000000a1cffe9a0 0000000a1cffc080
0x0000000a1cffbd30:   00000000000032ba 0000000000000000
0x0000000a1cffbd40:   000000000000000a 0000000a1cffe9a0
0x0000000a1cffbd50:   00000163449195f0 0000000000000000 

Instructions: (pc=0x00007ffa119ae834)
0x00007ffa119ae734:   00 3c 02 75 17 49 8b 06 49 8b ce c6 84 24 b0 00
0x00007ffa119ae744:   00 00 01 ff 90 c8 00 00 00 44 8b e0 49 8b 87 08
0x00007ffa119ae754:   01 00 00 49 63 4e 28 8b 14 88 49 8b 47 70 48 69
0x00007ffa119ae764:   da b0 00 00 00 48 03 58 20 85 d2 0f 84 9b 02 00
0x00007ffa119ae774:   00 49 8b 06 49 8b ce ff 50 28 48 8b e8 8b 48 10
0x00007ffa119ae784:   83 f9 1f 74 11 83 f9 1c 7e 0c 83 f9 22 7d 07 83
0x00007ffa119ae794:   8b a8 00 00 00 02 41 8b 4e 28 8b c1 c1 e8 05 41
0x00007ffa119ae7a4:   3b 47 78 73 57 8b d0 83 e1 1f 49 8b 87 80 00 00
0x00007ffa119ae7b4:   00 8b 04 90 0f a3 c8 73 43 44 8b 83 a8 00 00 00
0x00007ffa119ae7c4:   41 83 c8 10 44 89 83 a8 00 00 00 41 8b 4e 28 8b
0x00007ffa119ae7d4:   c1 c1 e8 05 41 3b 87 98 00 00 00 73 1f 8b d0 83
0x00007ffa119ae7e4:   e1 1f 49 8b 87 a0 00 00 00 8b 04 90 0f a3 c8 73
0x00007ffa119ae7f4:   0b 41 83 c8 20 44 89 83 a8 00 00 00 48 83 7b 18
0x00007ffa119ae804:   00 49 8b c6 49 8b ce 48 0f 45 c7 48 89 43 18 49
0x00007ffa119ae814:   8b 06 ff 50 78 8b 93 90 00 00 00 4c 8b f8 8b 8b
0x00007ffa119ae824:   94 00 00 00 3b d1 77 1b 0f 1f 40 00 8b ca ff c2
0x00007ffa119ae834:   49 8b 04 cf 48 21 44 cb 38 8b 8b 94 00 00 00 3b
0x00007ffa119ae844:   d1 76 e9 41 8b 47 58 39 83 90 00 00 00 73 06 89
0x00007ffa119ae854:   83 90 00 00 00 41 8b 47 5c 3b c8 76 06 89 83 94
0x00007ffa119ae864:   00 00 00 49 8b 06 49 8b ce ff 50 68 8b c8 8b f0
0x00007ffa119ae874:   e8 07 53 51 00 84 c0 74 07 83 8b a8 00 00 00 04
0x00007ffa119ae884:   8b d6 48 8d 4b 38 e8 a1 50 51 00 84 c0 74 07 83
0x00007ffa119ae894:   8b a8 00 00 00 40 48 8b 44 24 30 f2 0f 10 40 08
0x00007ffa119ae8a4:   66 0f 2f 43 10 76 05 f2 0f 11 43 10 81 fe e7 03
0x00007ffa119ae8b4:   00 00 0f 87 31 01 00 00 0f 84 09 01 00 00 83 fe
0x00007ffa119ae8c4:   0f 0f 87 22 01 00 00 48 8d 3d 2e 17 e4 ff 8b 8c
0x00007ffa119ae8d4:   b7 74 ed 1b 00 48 03 cf ff e1 4c 8b bc 24 a0 00
0x00007ffa119ae8e4:   00 00 66 c7 83 9c 00 00 00 02 00 66 44 89 ab a4
0x00007ffa119ae8f4:   00 00 00 48 63 45 10 48 8b 6c 24 30 48 c1 e0 05
0x00007ffa119ae904:   80 bc 38 b0 7f b3 00 00 0f 84 fe 00 00 00 83 8b
0x00007ffa119ae914:   a8 00 00 00 01 e9 f2 00 00 00 49 8b cf 66 c7 83
0x00007ffa119ae924:   9c 00 00 00 02 00 66 44 89 ab a4 00 00 00 e8 c9 


Stack slot to memory mapping:
stack at sp + 0 slots: 0x0000000000000002 is an unknown value
stack at sp + 1 slots: 0x00000000000003e7 is an unknown value
stack at sp + 2 slots: 0x000001633e208dd0 points into unknown readable memory: 0x00007ffa12111570 | 70 15 11 12 fa 7f 00 00
stack at sp + 3 slots: 0x000001633e208f30 points into unknown readable memory: 0x00007ffa12111570 | 70 15 11 12 fa 7f 00 00
stack at sp + 4 slots: 0x000004000000003b is an unknown value
stack at sp + 5 slots: 0x00007ffa00000002 is an unknown value
stack at sp + 6 slots: 0x000001633e208dd0 points into unknown readable memory: 0x00007ffa12111570 | 70 15 11 12 fa 7f 00 00
stack at sp + 7 slots: 0x0000000000000120 is an unknown value


---------------  P R O C E S S  ---------------

Threads class SMR info:
_java_thread_list=0x000001634677c930, length=28, elements={
0x000001637fa60210, 0x0000016320449330, 0x0000016320449e00, 0x000001632045e540,
0x000001632045ee10, 0x000001632045f6e0, 0x000001632045ffb0, 0x0000016320460bb0,
0x00000163204614c0, 0x0000016320462de0, 0x000001633e080dc0, 0x000001633e249420,
0x0000016343e37020, 0x00000163433aa6d0, 0x0000016344030020, 0x000001633e3c47d0,
0x000001633e3358a0, 0x000001633e75fc80, 0x000001633e761ae0, 0x000001633e761ff0,
0x000001633e75f770, 0x000001633e762500, 0x000001633e760190, 0x000001633e7610c0,
0x000001633e7606a0, 0x000001633e760bb0, 0x0000016344819700, 0x000001634680b900
}

Java Threads: ( => current thread )
  0x000001637fa60210 JavaThread "main" [_thread_blocked, id=17296, stack(0x0000000a1a600000,0x0000000a1a700000)]
  0x0000016320449330 JavaThread "Reference Handler" daemon [_thread_blocked, id=23804, stack(0x0000000a1ad00000,0x0000000a1ae00000)]
  0x0000016320449e00 JavaThread "Finalizer" daemon [_thread_blocked, id=14496, stack(0x0000000a1ae00000,0x0000000a1af00000)]
  0x000001632045e540 JavaThread "Signal Dispatcher" daemon [_thread_blocked, id=24808, stack(0x0000000a1af00000,0x0000000a1b000000)]
  0x000001632045ee10 JavaThread "Attach Listener" daemon [_thread_blocked, id=25352, stack(0x0000000a1b000000,0x0000000a1b100000)]
  0x000001632045f6e0 JavaThread "Service Thread" daemon [_thread_blocked, id=16156, stack(0x0000000a1b100000,0x0000000a1b200000)]
  0x000001632045ffb0 JavaThread "Monitor Deflation Thread" daemon [_thread_blocked, id=23732, stack(0x0000000a1b200000,0x0000000a1b300000)]
  0x0000016320460bb0 JavaThread "C2 CompilerThread0" daemon [_thread_in_native, id=20616, stack(0x0000000a1b300000,0x0000000a1b400000)]
  0x00000163204614c0 JavaThread "C1 CompilerThread0" daemon [_thread_in_vm, id=8592, stack(0x0000000a1b400000,0x0000000a1b500000)]
  0x0000016320462de0 JavaThread "Sweeper thread" daemon [_thread_blocked, id=26604, stack(0x0000000a1b500000,0x0000000a1b600000)]
  0x000001633e080dc0 JavaThread "Common-Cleaner" daemon [_thread_blocked, id=21360, stack(0x0000000a1b600000,0x0000000a1b700000)]
  0x000001633e249420 JavaThread "Notification Thread" daemon [_thread_blocked, id=15508, stack(0x0000000a1b700000,0x0000000a1b800000)]
  0x0000016343e37020 JavaThread "Daemon health stats" [_thread_blocked, id=12092, stack(0x0000000a1bf00000,0x0000000a1c000000)]
  0x00000163433aa6d0 JavaThread "Incoming local TCP Connector on port 52654" [_thread_in_native, id=19660, stack(0x0000000a1b900000,0x0000000a1ba00000)]
  0x0000016344030020 JavaThread "Daemon periodic checks" [_thread_blocked, id=21456, stack(0x0000000a1c200000,0x0000000a1c300000)]
  0x000001633e3c47d0 JavaThread "Daemon" [_thread_blocked, id=17600, stack(0x0000000a1c300000,0x0000000a1c400000)]
  0x000001633e3358a0 JavaThread "Handler for socket connection from /127.0.0.1:52654 to /127.0.0.1:52655" [_thread_in_native, id=22004, stack(0x0000000a1c400000,0x0000000a1c500000)]
  0x000001633e75fc80 JavaThread "Cancel handler" [_thread_blocked, id=24772, stack(0x0000000a1c500000,0x0000000a1c600000)]
  0x000001633e761ae0 JavaThread "Daemon worker" [_thread_in_Java, id=19924, stack(0x0000000a1c600000,0x0000000a1c700000)]
  0x000001633e761ff0 JavaThread "Asynchronous log dispatcher for DefaultDaemonConnection: socket connection from /127.0.0.1:52654 to /127.0.0.1:52655" [_thread_blocked, id=22324, stack(0x0000000a1c700000,0x0000000a1c800000)]
  0x000001633e75f770 JavaThread "Stdin handler" [_thread_blocked, id=14748, stack(0x0000000a1c800000,0x0000000a1c900000)]
  0x000001633e762500 JavaThread "Daemon client event forwarder" [_thread_blocked, id=22852, stack(0x0000000a1c900000,0x0000000a1ca00000)]
  0x000001633e760190 JavaThread "Cache worker for journal cache (C:\Users\Usuario\.gradle\caches\journal-1)" [_thread_blocked, id=180, stack(0x0000000a1ca00000,0x0000000a1cb00000)]
  0x000001633e7610c0 JavaThread "File lock request listener" [_thread_in_native, id=24676, stack(0x0000000a1cb00000,0x0000000a1cc00000)]
  0x000001633e7606a0 JavaThread "File lock release action executor" [_thread_blocked, id=16360, stack(0x0000000a1cc00000,0x0000000a1cd00000)]
  0x000001633e760bb0 JavaThread "Cache worker for file hash cache (C:\Users\Usuario\.gradle\caches\8.14.3\fileHashes)" [_thread_blocked, id=25168, stack(0x0000000a1cd00000,0x0000000a1ce00000)]
  0x0000016344819700 JavaThread "C2 CompilerThread1" daemon [_thread_in_native, id=25180, stack(0x0000000a1ce00000,0x0000000a1cf00000)]
=>0x000001634680b900 JavaThread "C2 CompilerThread2" daemon [_thread_in_native, id=6460, stack(0x0000000a1cf00000,0x0000000a1d000000)]

Other Threads:
  0x0000016320443f40 VMThread "VM Thread" [stack: 0x0000000a1ac00000,0x0000000a1ad00000] [id=12432]
  0x000001633e1e1110 WatcherThread [stack: 0x0000000a1b800000,0x0000000a1b900000] [id=12840]
  0x000001637facbcb0 GCTaskThread "GC Thread#0" [stack: 0x0000000a1a700000,0x0000000a1a800000] [id=20208]
  0x000001633e2e8b30 GCTaskThread "GC Thread#1" [stack: 0x0000000a1ba00000,0x0000000a1bb00000] [id=21012]
  0x000001633e35d430 GCTaskThread "GC Thread#2" [stack: 0x0000000a1bb00000,0x0000000a1bc00000] [id=9428]
  0x000001633e35d6f0 GCTaskThread "GC Thread#3" [stack: 0x0000000a1bc00000,0x0000000a1bd00000] [id=21448]
  0x000001633e543760 GCTaskThread "GC Thread#4" [stack: 0x0000000a1bd00000,0x0000000a1be00000] [id=3244]
  0x000001633e543a20 GCTaskThread "GC Thread#5" [stack: 0x0000000a1be00000,0x0000000a1bf00000] [id=22460]
  0x00000163435fd800 GCTaskThread "GC Thread#6" [stack: 0x0000000a1c000000,0x0000000a1c100000] [id=19652]
  0x00000163435fc780 GCTaskThread "GC Thread#7" [stack: 0x0000000a1c100000,0x0000000a1c200000] [id=23300]
  0x000001637fad91d0 ConcurrentGCThread "G1 Main Marker" [stack: 0x0000000a1a800000,0x0000000a1a900000] [id=24444]
  0x000001637fada1a0 ConcurrentGCThread "G1 Conc#0" [stack: 0x0000000a1a900000,0x0000000a1aa00000] [id=20608]
  0x000001637fb0eaa0 ConcurrentGCThread "G1 Refine#0" [stack: 0x0000000a1aa00000,0x0000000a1ab00000] [id=8548]
  0x000001632037e060 ConcurrentGCThread "G1 Service" [stack: 0x0000000a1ab00000,0x0000000a1ac00000] [id=12632]

Threads with active compile tasks:
C2 CompilerThread0  12752 2667       4       java.util.HashMap$KeyIterator::next (8 bytes)
C1 CompilerThread0  12752 2729       3       org.objectweb.asm.Frame::getAbstractTypeFromDescriptor (432 bytes)
C2 CompilerThread1  12752 2663   !   4       java.net.URL::<init> (543 bytes)
C2 CompilerThread2  12752 2579       4       java.net.URLClassLoader$1::run (5 bytes)

VM state: not at safepoint (normal execution)

VM Mutex/Monitor currently owned by a thread: None

Heap address: 0x0000000700000000, size: 4096 MB, Compressed Oops mode: Zero based, Oop shift amount: 3

CDS archive(s) mapped at: [0x0000016323000000-0x0000016323bb0000-0x0000016323bb0000), size 12255232, SharedBaseAddress: 0x0000016323000000, ArchiveRelocationMode: 1.
Compressed class space mapped at: 0x0000016324000000-0x000001633e000000, reserved size: 436207616
Narrow klass base: 0x0000016323000000, Narrow klass shift: 0, Narrow klass range: 0x100000000

GC Precious Log:
 CPUs: 8 total, 8 available
 Memory: 16198M
 Large Page Support: Disabled
 NUMA Support: Disabled
 Compressed Oops: Enabled (Zero based)
 Heap Region Size: 2M
 Heap Min Capacity: 8M
 Heap Initial Capacity: 254M
 Heap Max Capacity: 4G
 Pre-touch: Disabled
 Parallel Workers: 8
 Concurrent Workers: 2
 Concurrent Refinement Workers: 8
 Periodic GC: Disabled

Heap:
 garbage-first heap   total 260096K, used 110642K [0x0000000700000000, 0x0000000800000000)
  region size 2048K, 50 young (102400K), 4 survivors (8192K)
 Metaspace       used 19997K, committed 20288K, reserved 491520K
  class space    used 2918K, committed 3072K, reserved 425984K

Heap Regions: E=young(eden), S=young(survivor), O=old, HS=humongous(starts), HC=humongous(continues), CS=collection set, F=free, OA=open archive, CA=closed archive, TAMS=top-at-mark-start (previous, next)
|   0|0x0000000700000000, 0x0000000700200000, 0x0000000700200000|100%|HS|  |TAMS 0x0000000700000000, 0x0000000700000000| Complete 
|   1|0x0000000700200000, 0x0000000700400000, 0x0000000700400000|100%|HC|  |TAMS 0x0000000700200000, 0x0000000700200000| Complete 
|   2|0x0000000700400000, 0x0000000700600000, 0x0000000700600000|100%| O|  |TAMS 0x0000000700400000, 0x0000000700400000| Untracked 
|   3|0x0000000700600000, 0x0000000700800000, 0x0000000700800000|100%| O|  |TAMS 0x0000000700600000, 0x0000000700600000| Untracked 
|   4|0x0000000700800000, 0x0000000700a00000, 0x0000000700a00000|100%| O|  |TAMS 0x0000000700800000, 0x0000000700800000| Untracked 
|   5|0x0000000700a00000, 0x0000000700b72000, 0x0000000700c00000| 72%| O|  |TAMS 0x0000000700a00000, 0x0000000700a00000| Untracked 
|   6|0x0000000700c00000, 0x0000000700c00000, 0x0000000700e00000|  0%| F|  |TAMS 0x0000000700c00000, 0x0000000700c00000| Untracked 
|   7|0x0000000700e00000, 0x0000000700e00000, 0x0000000701000000|  0%| F|  |TAMS 0x0000000700e00000, 0x0000000700e00000| Untracked 
|   8|0x0000000701000000, 0x0000000701000000, 0x0000000701200000|  0%| F|  |TAMS 0x0000000701000000, 0x0000000701000000| Untracked 
|   9|0x0000000701200000, 0x0000000701200000, 0x0000000701400000|  0%| F|  |TAMS 0x0000000701200000, 0x0000000701200000| Untracked 
|  10|0x0000000701400000, 0x0000000701400000, 0x0000000701600000|  0%| F|  |TAMS 0x0000000701400000, 0x0000000701400000| Untracked 
|  11|0x0000000701600000, 0x0000000701600000, 0x0000000701800000|  0%| F|  |TAMS 0x0000000701600000, 0x0000000701600000| Untracked 
|  12|0x0000000701800000, 0x0000000701800000, 0x0000000701a00000|  0%| F|  |TAMS 0x0000000701800000, 0x0000000701800000| Untracked 
|  13|0x0000000701a00000, 0x0000000701a00000, 0x0000000701c00000|  0%| F|  |TAMS 0x0000000701a00000, 0x0000000701a00000| Untracked 
|  14|0x0000000701c00000, 0x0000000701c00000, 0x0000000701e00000|  0%| F|  |TAMS 0x0000000701c00000, 0x0000000701c00000| Untracked 
|  15|0x0000000701e00000, 0x0000000701e00000, 0x0000000702000000|  0%| F|  |TAMS 0x0000000701e00000, 0x0000000701e00000| Untracked 
|  16|0x0000000702000000, 0x0000000702000000, 0x0000000702200000|  0%| F|  |TAMS 0x0000000702000000, 0x0000000702000000| Untracked 
|  17|0x0000000702200000, 0x0000000702200000, 0x0000000702400000|  0%| F|  |TAMS 0x0000000702200000, 0x0000000702200000| Untracked 
|  18|0x0000000702400000, 0x0000000702400000, 0x0000000702600000|  0%| F|  |TAMS 0x0000000702400000, 0x0000000702400000| Untracked 
|  19|0x0000000702600000, 0x0000000702600000, 0x0000000702800000|  0%| F|  |TAMS 0x0000000702600000, 0x0000000702600000| Untracked 
|  20|0x0000000702800000, 0x0000000702800000, 0x0000000702a00000|  0%| F|  |TAMS 0x0000000702800000, 0x0000000702800000| Untracked 
|  21|0x0000000702a00000, 0x0000000702a00000, 0x0000000702c00000|  0%| F|  |TAMS 0x0000000702a00000, 0x0000000702a00000| Untracked 
|  22|0x0000000702c00000, 0x0000000702c00000, 0x0000000702e00000|  0%| F|  |TAMS 0x0000000702c00000, 0x0000000702c00000| Untracked 
|  23|0x0000000702e00000, 0x0000000702e00000, 0x0000000703000000|  0%| F|  |TAMS 0x0000000702e00000, 0x0000000702e00000| Untracked 
|  24|0x0000000703000000, 0x0000000703000000, 0x0000000703200000|  0%| F|  |TAMS 0x0000000703000000, 0x0000000703000000| Untracked 
|  25|0x0000000703200000, 0x0000000703200000, 0x0000000703400000|  0%| F|  |TAMS 0x0000000703200000, 0x0000000703200000| Untracked 
|  26|0x0000000703400000, 0x0000000703400000, 0x0000000703600000|  0%| F|  |TAMS 0x0000000703400000, 0x0000000703400000| Untracked 
|  27|0x0000000703600000, 0x0000000703600000, 0x0000000703800000|  0%| F|  |TAMS 0x0000000703600000, 0x0000000703600000| Untracked 
|  28|0x0000000703800000, 0x0000000703800000, 0x0000000703a00000|  0%| F|  |TAMS 0x0000000703800000, 0x0000000703800000| Untracked 
|  29|0x0000000703a00000, 0x0000000703a00000, 0x0000000703c00000|  0%| F|  |TAMS 0x0000000703a00000, 0x0000000703a00000| Untracked 
|  30|0x0000000703c00000, 0x0000000703c00000, 0x0000000703e00000|  0%| F|  |TAMS 0x0000000703c00000, 0x0000000703c00000| Untracked 
|  31|0x0000000703e00000, 0x0000000703e00000, 0x0000000704000000|  0%| F|  |TAMS 0x0000000703e00000, 0x0000000703e00000| Untracked 
|  32|0x0000000704000000, 0x0000000704000000, 0x0000000704200000|  0%| F|  |TAMS 0x0000000704000000, 0x0000000704000000| Untracked 
|  33|0x0000000704200000, 0x0000000704200000, 0x0000000704400000|  0%| F|  |TAMS 0x0000000704200000, 0x0000000704200000| Untracked 
|  34|0x0000000704400000, 0x0000000704400000, 0x0000000704600000|  0%| F|  |TAMS 0x0000000704400000, 0x0000000704400000| Untracked 
|  35|0x0000000704600000, 0x0000000704600000, 0x0000000704800000|  0%| F|  |TAMS 0x0000000704600000, 0x0000000704600000| Untracked 
|  36|0x0000000704800000, 0x0000000704800000, 0x0000000704a00000|  0%| F|  |TAMS 0x0000000704800000, 0x0000000704800000| Untracked 
|  37|0x0000000704a00000, 0x0000000704a00000, 0x0000000704c00000|  0%| F|  |TAMS 0x0000000704a00000, 0x0000000704a00000| Untracked 
|  38|0x0000000704c00000, 0x0000000704c00000, 0x0000000704e00000|  0%| F|  |TAMS 0x0000000704c00000, 0x0000000704c00000| Untracked 
|  39|0x0000000704e00000, 0x0000000704e00000, 0x0000000705000000|  0%| F|  |TAMS 0x0000000704e00000, 0x0000000704e00000| Untracked 
|  40|0x0000000705000000, 0x0000000705000000, 0x0000000705200000|  0%| F|  |TAMS 0x0000000705000000, 0x0000000705000000| Untracked 
|  41|0x0000000705200000, 0x0000000705200000, 0x0000000705400000|  0%| F|  |TAMS 0x0000000705200000, 0x0000000705200000| Untracked 
|  42|0x0000000705400000, 0x0000000705400000, 0x0000000705600000|  0%| F|  |TAMS 0x0000000705400000, 0x0000000705400000| Untracked 
|  43|0x0000000705600000, 0x0000000705600000, 0x0000000705800000|  0%| F|  |TAMS 0x0000000705600000, 0x0000000705600000| Untracked 
|  44|0x0000000705800000, 0x0000000705800000, 0x0000000705a00000|  0%| F|  |TAMS 0x0000000705800000, 0x0000000705800000| Untracked 
|  45|0x0000000705a00000, 0x0000000705a00000, 0x0000000705c00000|  0%| F|  |TAMS 0x0000000705a00000, 0x0000000705a00000| Untracked 
|  46|0x0000000705c00000, 0x0000000705c00000, 0x0000000705e00000|  0%| F|  |TAMS 0x0000000705c00000, 0x0000000705c00000| Untracked 
|  47|0x0000000705e00000, 0x0000000705e00000, 0x0000000706000000|  0%| F|  |TAMS 0x0000000705e00000, 0x0000000705e00000| Untracked 
|  48|0x0000000706000000, 0x0000000706000000, 0x0000000706200000|  0%| F|  |TAMS 0x0000000706000000, 0x0000000706000000| Untracked 
|  49|0x0000000706200000, 0x0000000706200000, 0x0000000706400000|  0%| F|  |TAMS 0x0000000706200000, 0x0000000706200000| Untracked 
|  50|0x0000000706400000, 0x0000000706400000, 0x0000000706600000|  0%| F|  |TAMS 0x0000000706400000, 0x0000000706400000| Untracked 
|  51|0x0000000706600000, 0x0000000706600000, 0x0000000706800000|  0%| F|  |TAMS 0x0000000706600000, 0x0000000706600000| Untracked 
|  52|0x0000000706800000, 0x0000000706800000, 0x0000000706a00000|  0%| F|  |TAMS 0x0000000706800000, 0x0000000706800000| Untracked 
|  53|0x0000000706a00000, 0x0000000706a00000, 0x0000000706c00000|  0%| F|  |TAMS 0x0000000706a00000, 0x0000000706a00000| Untracked 
|  54|0x0000000706c00000, 0x0000000706c00000, 0x0000000706e00000|  0%| F|  |TAMS 0x0000000706c00000, 0x0000000706c00000| Untracked 
|  55|0x0000000706e00000, 0x0000000706e00000, 0x0000000707000000|  0%| F|  |TAMS 0x0000000706e00000, 0x0000000706e00000| Untracked 
|  56|0x0000000707000000, 0x0000000707000000, 0x0000000707200000|  0%| F|  |TAMS 0x0000000707000000, 0x0000000707000000| Untracked 
|  57|0x0000000707200000, 0x0000000707200000, 0x0000000707400000|  0%| F|  |TAMS 0x0000000707200000, 0x0000000707200000| Untracked 
|  58|0x0000000707400000, 0x0000000707400000, 0x0000000707600000|  0%| F|  |TAMS 0x0000000707400000, 0x0000000707400000| Untracked 
|  59|0x0000000707600000, 0x0000000707600000, 0x0000000707800000|  0%| F|  |TAMS 0x0000000707600000, 0x0000000707600000| Untracked 
|  60|0x0000000707800000, 0x0000000707800000, 0x0000000707a00000|  0%| F|  |TAMS 0x0000000707800000, 0x0000000707800000| Untracked 
|  61|0x0000000707a00000, 0x0000000707a00000, 0x0000000707c00000|  0%| F|  |TAMS 0x0000000707a00000, 0x0000000707a00000| Untracked 
|  62|0x0000000707c00000, 0x0000000707c00000, 0x0000000707e00000|  0%| F|  |TAMS 0x0000000707c00000, 0x0000000707c00000| Untracked 
|  63|0x0000000707e00000, 0x0000000707e00000, 0x0000000708000000|  0%| F|  |TAMS 0x0000000707e00000, 0x0000000707e00000| Untracked 
|  64|0x0000000708000000, 0x0000000708000000, 0x0000000708200000|  0%| F|  |TAMS 0x0000000708000000, 0x0000000708000000| Untracked 
|  65|0x0000000708200000, 0x0000000708200000, 0x0000000708400000|  0%| F|  |TAMS 0x0000000708200000, 0x0000000708200000| Untracked 
|  66|0x0000000708400000, 0x0000000708400000, 0x0000000708600000|  0%| F|  |TAMS 0x0000000708400000, 0x0000000708400000| Untracked 
|  67|0x0000000708600000, 0x0000000708600000, 0x0000000708800000|  0%| F|  |TAMS 0x0000000708600000, 0x0000000708600000| Untracked 
|  68|0x0000000708800000, 0x0000000708800000, 0x0000000708a00000|  0%| F|  |TAMS 0x0000000708800000, 0x0000000708800000| Untracked 
|  69|0x0000000708a00000, 0x0000000708a00000, 0x0000000708c00000|  0%| F|  |TAMS 0x0000000708a00000, 0x0000000708a00000| Untracked 
|  70|0x0000000708c00000, 0x0000000708c00000, 0x0000000708e00000|  0%| F|  |TAMS 0x0000000708c00000, 0x0000000708c00000| Untracked 
|  71|0x0000000708e00000, 0x0000000708e00000, 0x0000000709000000|  0%| F|  |TAMS 0x0000000708e00000, 0x0000000708e00000| Untracked 
|  72|0x0000000709000000, 0x0000000709000000, 0x0000000709200000|  0%| F|  |TAMS 0x0000000709000000, 0x0000000709000000| Untracked 
|  73|0x0000000709200000, 0x0000000709200000, 0x0000000709400000|  0%| F|  |TAMS 0x0000000709200000, 0x0000000709200000| Untracked 
|  74|0x0000000709400000, 0x0000000709400000, 0x0000000709600000|  0%| F|  |TAMS 0x0000000709400000, 0x0000000709400000| Untracked 
|  75|0x0000000709600000, 0x0000000709600000, 0x0000000709800000|  0%| F|  |TAMS 0x0000000709600000, 0x0000000709600000| Untracked 
|  76|0x0000000709800000, 0x0000000709800000, 0x0000000709a00000|  0%| F|  |TAMS 0x0000000709800000, 0x0000000709800000| Untracked 
|  77|0x0000000709a00000, 0x0000000709c00000, 0x0000000709c00000|100%| E|  |TAMS 0x0000000709a00000, 0x0000000709a00000| Complete 
|  78|0x0000000709c00000, 0x0000000709e00000, 0x0000000709e00000|100%| E|CS|TAMS 0x0000000709c00000, 0x0000000709c00000| Complete 
|  79|0x0000000709e00000, 0x000000070a000000, 0x000000070a000000|100%| E|CS|TAMS 0x0000000709e00000, 0x0000000709e00000| Complete 
|  80|0x000000070a000000, 0x000000070a200000, 0x000000070a200000|100%| E|CS|TAMS 0x000000070a000000, 0x000000070a000000| Complete 
|  81|0x000000070a200000, 0x000000070a400000, 0x000000070a400000|100%| E|CS|TAMS 0x000000070a200000, 0x000000070a200000| Complete 
|  82|0x000000070a400000, 0x000000070a600000, 0x000000070a600000|100%| E|CS|TAMS 0x000000070a400000, 0x000000070a400000| Complete 
|  83|0x000000070a600000, 0x000000070a800000, 0x000000070a800000|100%| E|CS|TAMS 0x000000070a600000, 0x000000070a600000| Complete 
|  84|0x000000070a800000, 0x000000070aa00000, 0x000000070aa00000|100%| E|CS|TAMS 0x000000070a800000, 0x000000070a800000| Complete 
|  85|0x000000070aa00000, 0x000000070ac00000, 0x000000070ac00000|100%| E|CS|TAMS 0x000000070aa00000, 0x000000070aa00000| Complete 
|  86|0x000000070ac00000, 0x000000070ae00000, 0x000000070ae00000|100%| E|CS|TAMS 0x000000070ac00000, 0x000000070ac00000| Complete 
|  87|0x000000070ae00000, 0x000000070b000000, 0x000000070b000000|100%| E|CS|TAMS 0x000000070ae00000, 0x000000070ae00000| Complete 
|  88|0x000000070b000000, 0x000000070b200000, 0x000000070b200000|100%| E|CS|TAMS 0x000000070b000000, 0x000000070b000000| Complete 
|  89|0x000000070b200000, 0x000000070b400000, 0x000000070b400000|100%| E|CS|TAMS 0x000000070b200000, 0x000000070b200000| Complete 
|  90|0x000000070b400000, 0x000000070b600000, 0x000000070b600000|100%| E|CS|TAMS 0x000000070b400000, 0x000000070b400000| Complete 
|  91|0x000000070b600000, 0x000000070b69a910, 0x000000070b800000| 30%| S|CS|TAMS 0x000000070b600000, 0x000000070b600000| Complete 
|  92|0x000000070b800000, 0x000000070ba00000, 0x000000070ba00000|100%| S|CS|TAMS 0x000000070b800000, 0x000000070b800000| Complete 
|  93|0x000000070ba00000, 0x000000070bc00000, 0x000000070bc00000|100%| S|CS|TAMS 0x000000070ba00000, 0x000000070ba00000| Complete 
|  94|0x000000070bc00000, 0x000000070be00000, 0x000000070be00000|100%| S|CS|TAMS 0x000000070bc00000, 0x000000070bc00000| Complete 
|  95|0x000000070be00000, 0x000000070c000000, 0x000000070c000000|100%| E|CS|TAMS 0x000000070be00000, 0x000000070be00000| Complete 
|  96|0x000000070c000000, 0x000000070c200000, 0x000000070c200000|100%| E|CS|TAMS 0x000000070c000000, 0x000000070c000000| Complete 
|  97|0x000000070c200000, 0x000000070c400000, 0x000000070c400000|100%| E|CS|TAMS 0x000000070c200000, 0x000000070c200000| Complete 
|  98|0x000000070c400000, 0x000000070c600000, 0x000000070c600000|100%| E|CS|TAMS 0x000000070c400000, 0x000000070c400000| Complete 
|  99|0x000000070c600000, 0x000000070c800000, 0x000000070c800000|100%| E|CS|TAMS 0x000000070c600000, 0x000000070c600000| Complete 
| 100|0x000000070c800000, 0x000000070ca00000, 0x000000070ca00000|100%| E|CS|TAMS 0x000000070c800000, 0x000000070c800000| Complete 
| 101|0x000000070ca00000, 0x000000070cc00000, 0x000000070cc00000|100%| E|CS|TAMS 0x000000070ca00000, 0x000000070ca00000| Complete 
| 102|0x000000070cc00000, 0x000000070ce00000, 0x000000070ce00000|100%| E|CS|TAMS 0x000000070cc00000, 0x000000070cc00000| Complete 
| 103|0x000000070ce00000, 0x000000070d000000, 0x000000070d000000|100%| E|CS|TAMS 0x000000070ce00000, 0x000000070ce00000| Complete 
| 104|0x000000070d000000, 0x000000070d200000, 0x000000070d200000|100%| E|CS|TAMS 0x000000070d000000, 0x000000070d000000| Complete 
| 105|0x000000070d200000, 0x000000070d400000, 0x000000070d400000|100%| E|CS|TAMS 0x000000070d200000, 0x000000070d200000| Complete 
| 106|0x000000070d400000, 0x000000070d600000, 0x000000070d600000|100%| E|CS|TAMS 0x000000070d400000, 0x000000070d400000| Complete 
| 107|0x000000070d600000, 0x000000070d800000, 0x000000070d800000|100%| E|CS|TAMS 0x000000070d600000, 0x000000070d600000| Complete 
| 108|0x000000070d800000, 0x000000070da00000, 0x000000070da00000|100%| E|CS|TAMS 0x000000070d800000, 0x000000070d800000| Complete 
| 109|0x000000070da00000, 0x000000070dc00000, 0x000000070dc00000|100%| E|CS|TAMS 0x000000070da00000, 0x000000070da00000| Complete 
| 110|0x000000070dc00000, 0x000000070de00000, 0x000000070de00000|100%| E|CS|TAMS 0x000000070dc00000, 0x000000070dc00000| Complete 
| 111|0x000000070de00000, 0x000000070e000000, 0x000000070e000000|100%| E|CS|TAMS 0x000000070de00000, 0x000000070de00000| Complete 
| 112|0x000000070e000000, 0x000000070e200000, 0x000000070e200000|100%| E|CS|TAMS 0x000000070e000000, 0x000000070e000000| Complete 
| 113|0x000000070e200000, 0x000000070e400000, 0x000000070e400000|100%| E|CS|TAMS 0x000000070e200000, 0x000000070e200000| Complete 
| 114|0x000000070e400000, 0x000000070e600000, 0x000000070e600000|100%| E|CS|TAMS 0x000000070e400000, 0x000000070e400000| Complete 
| 115|0x000000070e600000, 0x000000070e800000, 0x000000070e800000|100%| E|CS|TAMS 0x000000070e600000, 0x000000070e600000| Complete 
| 116|0x000000070e800000, 0x000000070ea00000, 0x000000070ea00000|100%| E|CS|TAMS 0x000000070e800000, 0x000000070e800000| Complete 
| 117|0x000000070ea00000, 0x000000070ec00000, 0x000000070ec00000|100%| E|CS|TAMS 0x000000070ea00000, 0x000000070ea00000| Complete 
| 118|0x000000070ec00000, 0x000000070ee00000, 0x000000070ee00000|100%| E|CS|TAMS 0x000000070ec00000, 0x000000070ec00000| Complete 
| 119|0x000000070ee00000, 0x000000070f000000, 0x000000070f000000|100%| E|CS|TAMS 0x000000070ee00000, 0x000000070ee00000| Complete 
| 120|0x000000070f000000, 0x000000070f200000, 0x000000070f200000|100%| E|CS|TAMS 0x000000070f000000, 0x000000070f000000| Complete 
| 121|0x000000070f200000, 0x000000070f400000, 0x000000070f400000|100%| E|CS|TAMS 0x000000070f200000, 0x000000070f200000| Complete 
| 122|0x000000070f400000, 0x000000070f600000, 0x000000070f600000|100%| E|CS|TAMS 0x000000070f400000, 0x000000070f400000| Complete 
| 123|0x000000070f600000, 0x000000070f800000, 0x000000070f800000|100%| E|CS|TAMS 0x000000070f600000, 0x000000070f600000| Complete 
| 124|0x000000070f800000, 0x000000070fa00000, 0x000000070fa00000|100%| E|CS|TAMS 0x000000070f800000, 0x000000070f800000| Complete 
| 125|0x000000070fa00000, 0x000000070fc00000, 0x000000070fc00000|100%| E|CS|TAMS 0x000000070fa00000, 0x000000070fa00000| Complete 
| 126|0x000000070fc00000, 0x000000070fe00000, 0x000000070fe00000|100%| E|CS|TAMS 0x000000070fc00000, 0x000000070fc00000| Complete 

Card table byte_map: [0x00000163172b0000,0x0000016317ab0000] _byte_map_base: 0x0000016313ab0000

Marking Bits (Prev, Next): (CMBitMap*) 0x000001637facbf80, (CMBitMap*) 0x000001637facbfc0
 Prev Bits: [0x00000163182b0000, 0x000001631c2b0000)
 Next Bits: [0x000001631c2b0000, 0x00000163202b0000)

Polling page: 0x000001637da40000

Metaspace:

Usage:
  Non-class:     16.68 MB used.
      Class:      2.85 MB used.
       Both:     19.54 MB used.

Virtual space:
  Non-class space:       64.00 MB reserved,      16.81 MB ( 26%) committed,  1 nodes.
      Class space:      416.00 MB reserved,       3.00 MB ( <1%) committed,  1 nodes.
             Both:      480.00 MB reserved,      19.81 MB (  4%) committed. 

Chunk freelists:
   Non-Class:  15.19 MB
       Class:  13.01 MB
        Both:  28.21 MB

MaxMetaspaceSize: 512.00 MB
CompressedClassSpaceSize: 416.00 MB
Initial GC threshold: 21.00 MB
Current GC threshold: 21.00 MB
CDS: on
MetaspaceReclaimPolicy: balanced
 - commit_granule_bytes: 65536.
 - commit_granule_words: 8192.
 - virtual_space_node_default_size: 8388608.
 - enlarge_chunks_in_place: 1.
 - new_chunks_are_fully_committed: 0.
 - uncommit_free_chunks: 1.
 - use_allocation_guard: 0.
 - handle_deallocations: 1.


Internal statistics:

num_allocs_failed_limit: 0.
num_arena_births: 256.
num_arena_deaths: 0.
num_vsnodes_births: 2.
num_vsnodes_deaths: 0.
num_space_committed: 317.
num_space_uncommitted: 0.
num_chunks_returned_to_freelist: 0.
num_chunks_taken_from_freelist: 995.
num_chunk_merges: 0.
num_chunk_splits: 636.
num_chunks_enlarged: 432.
num_inconsistent_stats: 0.

CodeHeap 'non-profiled nmethods': size=120000Kb used=1497Kb max_used=1497Kb free=118502Kb
 bounds [0x000001630f580000, 0x000001630f7f0000, 0x0000016316ab0000]
CodeHeap 'profiled nmethods': size=120000Kb used=5661Kb max_used=5661Kb free=114338Kb
 bounds [0x0000016307ab0000, 0x0000016308040000, 0x000001630efe0000]
CodeHeap 'non-nmethods': size=5760Kb used=1230Kb max_used=1314Kb free=4529Kb
 bounds [0x000001630efe0000, 0x000001630f250000, 0x000001630f580000]
 total_blobs=3267 nmethods=2727 adapters=452
 compilation: enabled
              stopped_count=0, restarted_count=0
 full_count=0

Compilation events (20 events):
Event: 12.225 Thread 0x00000163204614c0 nmethod 2644 0x0000016308000190 code [0x00000163080004c0, 0x00000163080016d8]
Event: 12.225 Thread 0x00000163204614c0 2645       3       java.lang.invoke.Invokers$Holder::invokeExact_MT (32 bytes)
Event: 12.226 Thread 0x00000163204614c0 nmethod 2645 0x0000016308001c10 code [0x0000016308001e20, 0x0000016308002778]
Event: 12.226 Thread 0x00000163204614c0 2646       3       java.lang.invoke.LambdaMetafactory::metafactory (71 bytes)
Event: 12.227 Thread 0x00000163204614c0 nmethod 2646 0x0000016308002a10 code [0x0000016308002ca0, 0x00000163080037c8]
Event: 12.232 Thread 0x0000016344819700 2647       4       jdk.internal.org.objectweb.asm.SymbolTable::addConstantUtf8Reference (101 bytes)
Event: 12.256 Thread 0x00000163204614c0 2648       3       java.util.concurrent.locks.LockSupport::parkNanos (29 bytes)
Event: 12.257 Thread 0x00000163204614c0 nmethod 2648 0x0000016308003d10 code [0x0000016308003ee0, 0x00000163080040c8]
Event: 12.299 Thread 0x0000016344819700 nmethod 2647 0x000001630f6e4a10 code [0x000001630f6e4c00, 0x000001630f6e5c48]
Event: 12.349 Thread 0x00000163204614c0 2649       3       java.util.concurrent.locks.AbstractQueuedSynchronizer$Node::clearStatus (12 bytes)
Event: 12.350 Thread 0x00000163204614c0 nmethod 2649 0x0000016308004190 code [0x0000016308004340, 0x0000016308004508]
Event: 12.350 Thread 0x00000163204614c0 2650       3       jdk.internal.misc.Unsafe::putIntOpaque (9 bytes)
Event: 12.350 Thread 0x00000163204614c0 nmethod 2650 0x0000016308004590 code [0x0000016308004720, 0x0000016308004838]
Event: 12.350 Thread 0x00000163204614c0 2651   !   3       java.util.concurrent.locks.AbstractQueuedSynchronizer::acquire (407 bytes)
Event: 12.353 Thread 0x00000163204614c0 nmethod 2651 0x0000016308004910 code [0x0000016308004ca0, 0x0000016308006658]
Event: 12.369 Thread 0x00000163204614c0 2653       3       jdk.internal.org.objectweb.asm.ClassVisitor::<init> (88 bytes)
Event: 12.370 Thread 0x00000163204614c0 nmethod 2653 0x0000016308006f10 code [0x0000016308007160, 0x0000016308007a28]
Event: 12.370 Thread 0x00000163204614c0 2654       3       jdk.internal.org.objectweb.asm.SymbolTable::<init> (41 bytes)
Event: 12.371 Thread 0x00000163204614c0 nmethod 2654 0x0000016308007d10 code [0x0000016308007ee0, 0x0000016308008478]
Event: 12.380 Thread 0x0000016344819700 2655       4       java.util.LinkedHashMap::get (29 bytes)

GC Heap History (6 events):
Event: 1.737 GC heap before
{Heap before GC invocations=0 (full 0):
 garbage-first heap   total 260096K, used 22528K [0x0000000700000000, 0x0000000800000000)
  region size 2048K, 11 young (22528K), 0 survivors (0K)
 Metaspace       used 829K, committed 960K, reserved 491520K
  class space    used 61K, committed 128K, reserved 425984K
}
Event: 1.923 GC heap after
{Heap after GC invocations=1 (full 0):
 garbage-first heap   total 260096K, used 1397K [0x0000000700000000, 0x0000000800000000)
  region size 2048K, 1 young (2048K), 1 survivors (2048K)
 Metaspace       used 829K, committed 960K, reserved 491520K
  class space    used 61K, committed 128K, reserved 425984K
}
Event: 4.653 GC heap before
{Heap before GC invocations=1 (full 0):
 garbage-first heap   total 260096K, used 44405K [0x0000000700000000, 0x0000000800000000)
  region size 2048K, 20 young (40960K), 1 survivors (2048K)
 Metaspace       used 4390K, committed 4544K, reserved 491520K
  class space    used 548K, committed 640K, reserved 425984K
}
Event: 4.659 GC heap after
{Heap after GC invocations=2 (full 0):
 garbage-first heap   total 260096K, used 11825K [0x0000000700000000, 0x0000000800000000)
  region size 2048K, 3 young (6144K), 3 survivors (6144K)
 Metaspace       used 4390K, committed 4544K, reserved 491520K
  class space    used 548K, committed 640K, reserved 425984K
}
Event: 6.650 GC heap before
{Heap before GC invocations=2 (full 0):
 garbage-first heap   total 260096K, used 71217K [0x0000000700000000, 0x0000000800000000)
  region size 2048K, 32 young (65536K), 3 survivors (6144K)
 Metaspace       used 6807K, committed 6912K, reserved 491520K
  class space    used 913K, committed 960K, reserved 425984K
}
Event: 6.661 GC heap after
{Heap after GC invocations=3 (full 0):
 garbage-first heap   total 260096K, used 18482K [0x0000000700000000, 0x0000000800000000)
  region size 2048K, 4 young (8192K), 4 survivors (8192K)
 Metaspace       used 6807K, committed 6912K, reserved 491520K
  class space    used 913K, committed 960K, reserved 425984K
}

Dll operation events (15 events):
Event: 0.037 Loaded shared library C:\Program Files\Eclipse Adoptium\jdk-17.0.18.8-hotspot\bin\java.dll
Event: 0.087 Loaded shared library C:\Program Files\Eclipse Adoptium\jdk-17.0.18.8-hotspot\bin\jsvml.dll
Event: 0.335 Loaded shared library C:\Program Files\Eclipse Adoptium\jdk-17.0.18.8-hotspot\bin\zip.dll
Event: 0.345 Loaded shared library C:\Program Files\Eclipse Adoptium\jdk-17.0.18.8-hotspot\bin\instrument.dll
Event: 0.363 Loaded shared library C:\Program Files\Eclipse Adoptium\jdk-17.0.18.8-hotspot\bin\net.dll
Event: 0.368 Loaded shared library C:\Program Files\Eclipse Adoptium\jdk-17.0.18.8-hotspot\bin\nio.dll
Event: 0.375 Loaded shared library C:\Program Files\Eclipse Adoptium\jdk-17.0.18.8-hotspot\bin\zip.dll
Event: 1.929 Loaded shared library C:\Program Files\Eclipse Adoptium\jdk-17.0.18.8-hotspot\bin\jimage.dll
Event: 2.861 Loaded shared library C:\Program Files\Eclipse Adoptium\jdk-17.0.18.8-hotspot\bin\verify.dll
Event: 3.232 Loaded shared library C:\Users\Usuario\.gradle\native\1def1411415f61bf3af743bc5b6707747c0891f09f0c88961ee8f79bc544acac\windows-amd64\native-platform.dll
Event: 3.290 Loaded shared library C:\Users\Usuario\.gradle\native\0.2.7\x86_64-windows-gnu\gradle-fileevents.dll
Event: 6.427 Loaded shared library C:\Program Files\Eclipse Adoptium\jdk-17.0.18.8-hotspot\bin\management.dll
Event: 6.455 Loaded shared library C:\Program Files\Eclipse Adoptium\jdk-17.0.18.8-hotspot\bin\management_ext.dll
Event: 7.175 Loaded shared library C:\Program Files\Eclipse Adoptium\jdk-17.0.18.8-hotspot\bin\extnet.dll
Event: 7.825 Loaded shared library C:\Program Files\Eclipse Adoptium\jdk-17.0.18.8-hotspot\bin\sunmscapi.dll

Deoptimization events (20 events):
Event: 9.777 Thread 0x000001633e761ae0 Uncommon trap: trap_request=0xffffff45 fr.pc=0x000001630f678470 relative=0x00000000000003b0
Event: 9.777 Thread 0x000001633e761ae0 Uncommon trap: reason=unstable_if action=reinterpret pc=0x000001630f678470 method=java.lang.invoke.VarHandle.getTypesAndInvokers()Ljava/lang/invoke/VarHandle$TypesAndInvokers; @ 6 c2
Event: 9.777 Thread 0x000001633e761ae0 DEOPT PACKING pc=0x000001630f678470 sp=0x0000000a1c6fa6b0
Event: 9.778 Thread 0x000001633e761ae0 DEOPT UNPACKING pc=0x000001630f0369a3 sp=0x0000000a1c6fa540 mode 2
Event: 9.778 Thread 0x000001633e761ae0 Uncommon trap: trap_request=0xffffff45 fr.pc=0x000001630f677394 relative=0x0000000000000074
Event: 9.778 Thread 0x000001633e761ae0 Uncommon trap: reason=unstable_if action=reinterpret pc=0x000001630f677394 method=jdk.internal.misc.Unsafe.convEndian(ZI)I @ 4 c2
Event: 9.778 Thread 0x000001633e761ae0 DEOPT PACKING pc=0x000001630f677394 sp=0x0000000a1c6fa5d0
Event: 9.787 Thread 0x000001633e761ae0 DEOPT UNPACKING pc=0x000001630f0369a3 sp=0x0000000a1c6fa4d8 mode 2
Event: 9.911 Thread 0x000001633e761ae0 Uncommon trap: trap_request=0xffffff45 fr.pc=0x000001630f5a1168 relative=0x0000000000000b48
Event: 9.911 Thread 0x000001633e761ae0 Uncommon trap: reason=unstable_if action=reinterpret pc=0x000001630f5a1168 method=java.io.WinNTFileSystem.resolve(Ljava/lang/String;Ljava/lang/String;)Ljava/lang/String; @ 19 c2
Event: 9.911 Thread 0x000001633e761ae0 DEOPT PACKING pc=0x000001630f5a1168 sp=0x0000000a1c6faa30
Event: 9.911 Thread 0x000001633e761ae0 DEOPT UNPACKING pc=0x000001630f0369a3 sp=0x0000000a1c6fa9d8 mode 2
Event: 9.914 Thread 0x000001633e761ae0 Uncommon trap: trap_request=0xffffff45 fr.pc=0x000001630f613fb0 relative=0x0000000000000670
Event: 9.914 Thread 0x000001633e761ae0 Uncommon trap: reason=unstable_if action=reinterpret pc=0x000001630f613fb0 method=java.io.File.getName()Ljava/lang/String; @ 16 c2
Event: 9.914 Thread 0x000001633e761ae0 DEOPT PACKING pc=0x000001630f613fb0 sp=0x0000000a1c6fa9e0
Event: 9.914 Thread 0x000001633e761ae0 DEOPT UNPACKING pc=0x000001630f0369a3 sp=0x0000000a1c6fa9b0 mode 2
Event: 10.071 Thread 0x000001633e761ae0 Uncommon trap: trap_request=0xffffff45 fr.pc=0x000001630f5d5a04 relative=0x00000000000000e4
Event: 10.071 Thread 0x000001633e761ae0 Uncommon trap: reason=unstable_if action=reinterpret pc=0x000001630f5d5a04 method=java.util.HashMap.hash(Ljava/lang/Object;)I @ 1 c2
Event: 10.071 Thread 0x000001633e761ae0 DEOPT PACKING pc=0x000001630f5d5a04 sp=0x0000000a1c6fba60
Event: 10.071 Thread 0x000001633e761ae0 DEOPT UNPACKING pc=0x000001630f0369a3 sp=0x0000000a1c6fb9a0 mode 2

Classes loaded (20 events):
Event: 10.517 Loading class java/nio/charset/CharacterCodingException
Event: 10.517 Loading class java/nio/charset/CharacterCodingException done
Event: 10.732 Loading class java/util/function/LongFunction
Event: 10.732 Loading class java/util/function/LongFunction done
Event: 10.852 Loading class java/security/InvalidKeyException
Event: 10.852 Loading class java/security/KeyException
Event: 10.852 Loading class java/security/KeyException done
Event: 10.852 Loading class java/security/InvalidKeyException done
Event: 12.290 Loading class javax/xml/parsers/ParserConfigurationException
Event: 12.290 Loading class javax/xml/parsers/ParserConfigurationException done
Event: 12.290 Loading class org/xml/sax/SAXException
Event: 12.291 Loading class org/xml/sax/SAXException done
Event: 12.291 Loading class javax/xml/xpath/XPathExpressionException
Event: 12.291 Loading class javax/xml/xpath/XPathException
Event: 12.291 Loading class javax/xml/xpath/XPathException done
Event: 12.291 Loading class javax/xml/xpath/XPathExpressionException done
Event: 12.291 Loading class org/xml/sax/ErrorHandler
Event: 12.291 Loading class org/xml/sax/ErrorHandler done
Event: 12.324 Loading class java/nio/file/AtomicMoveNotSupportedException
Event: 12.324 Loading class java/nio/file/AtomicMoveNotSupportedException done

Classes unloaded (0 events):
No events

Classes redefined (0 events):
No events

Internal exceptions (20 events):
Event: 9.012 Thread 0x000001633e761ae0 Exception <a 'java/lang/NoSuchMethodError'{0x000000070db94030}: 'java.lang.Object java.lang.invoke.Invokers$Holder.invoker(java.lang.Object, java.lang.Object, java.lang.Object, java.lang.Object, java.lang.Object, java.lang.Object, java.lang.Object, java.lang.Object, java.lang.Object, java.lang.Object)'> (0x000000070db94030) 
thrown [s\src\hotspot\share\interpreter\linkResolver.cpp, line 759]
Event: 9.013 Thread 0x000001633e761ae0 Exception <a 'java/lang/NoSuchMethodError'{0x000000070db99c38}: 'java.lang.Object java.lang.invoke.DirectMethodHandle$Holder.invokeSpecial(java.lang.Object, java.lang.Object, java.lang.Object, java.lang.Object, java.lang.Object, java.lang.Object, java.lang.Object, java.lang.Object, java.lang.Object, java.lang.Object, java.lang.Object)'> (0x000000070db99c38) 
thrown [s\src\hotspot\share\interpreter\linkResolver.cpp, line 759]
Event: 9.402 Thread 0x000001633e761ae0 Exception <a 'java/lang/NoSuchMethodError'{0x000000070d3d6cc0}: 'java.lang.Object java.lang.invoke.DirectMethodHandle$Holder.newInvokeSpecial(java.lang.Object, java.lang.Object, int)'> (0x000000070d3d6cc0) 
thrown [s\src\hotspot\share\interpreter\linkResolver.cpp, line 759]
Event: 9.777 Thread 0x000001633e761ae0 Implicit null exception at 0x000001630f678100 to 0x000001630f678440
Event: 9.938 Thread 0x000001633e761ae0 Exception <a 'java/lang/NoSuchMethodError'{0x000000070cbb3750}: 'void java.lang.invoke.DirectMethodHandle$Holder.invokeStatic(java.lang.Object, java.lang.Object, java.lang.Object, java.lang.Object)'> (0x000000070cbb3750) 
thrown [s\src\hotspot\share\interpreter\linkResolver.cpp, line 759]
Event: 9.939 Thread 0x000001633e761ae0 Exception <a 'java/lang/NoSuchMethodError'{0x000000070cbb7bf0}: 'void java.lang.invoke.DirectMethodHandle$Holder.invokeStaticInit(java.lang.Object, java.lang.Object, java.lang.Object, java.lang.Object)'> (0x000000070cbb7bf0) 
thrown [s\src\hotspot\share\interpreter\linkResolver.cpp, line 759]
Event: 9.973 Thread 0x000001633e761ae0 Exception <a 'java/lang/NoSuchMethodError'{0x000000070c8170b8}: 'java.lang.Object java.lang.invoke.DirectMethodHandle$Holder.invokeInterface(java.lang.Object, java.lang.Object, java.lang.Object)'> (0x000000070c8170b8) 
thrown [s\src\hotspot\share\interpreter\linkResolver.cpp, line 759]
Event: 10.013 Thread 0x000001633e761ae0 Exception <a 'java/lang/NoSuchMethodError'{0x000000070c8fe2c0}: 'int java.lang.invoke.DirectMethodHandle$Holder.invokeSpecialIFC(java.lang.Object, java.lang.Object, java.lang.Object, java.lang.Object)'> (0x000000070c8fe2c0) 
thrown [s\src\hotspot\share\interpreter\linkResolver.cpp, line 759]
Event: 10.018 Thread 0x000001633e761ae0 Exception <a 'java/lang/IncompatibleClassChangeError'{0x000000070c90d320}: Found class java.lang.Object, but interface was expected> (0x000000070c90d320) 
thrown [s\src\hotspot\share\interpreter\linkResolver.cpp, line 826]
Event: 10.071 Thread 0x000001633e761ae0 Implicit null exception at 0x000001630f5d5960 to 0x000001630f5d59fa
Event: 10.107 Thread 0x000001633e761ae0 Exception <a 'java/lang/NoSuchMethodError'{0x000000070c718490}: 'int java.lang.invoke.DirectMethodHandle$Holder.invokeStatic(java.lang.Object, java.lang.Object, java.lang.Object, java.lang.Object)'> (0x000000070c718490) 
thrown [s\src\hotspot\share\interpreter\linkResolver.cpp, line 759]
Event: 10.108 Thread 0x000001633e761ae0 Exception <a 'java/lang/NoSuchMethodError'{0x000000070c71c360}: 'java.lang.Object java.lang.invoke.Invokers$Holder.invokeExact_MT(java.lang.Object, java.lang.Object, java.lang.Object, java.lang.Object, java.lang.Object, java.lang.Object)'> (0x000000070c71c360) 
thrown [s\src\hotspot\share\interpreter\linkResolver.cpp, line 759]
Event: 10.284 Thread 0x000001633e761ae0 Exception <a 'java/lang/IncompatibleClassChangeError'{0x000000070c31e3d0}: Found class java.lang.Object, but interface was expected> (0x000000070c31e3d0) 
thrown [s\src\hotspot\share\interpreter\linkResolver.cpp, line 826]
Event: 10.483 Thread 0x000001633e762500 Exception <a 'java/lang/NoSuchMethodError'{0x000000070e813748}: static Lorg/gradle/internal/build/event/types/DefaultOperationStartedProgressEvent;.<clinit>()V> (0x000000070e813748) 
thrown [s\src\hotspot\share\prims\jni.cpp, line 1112]
Event: 10.484 Thread 0x000001633e762500 Exception <a 'java/lang/NoSuchMethodError'{0x000000070e814cd0}: static Lorg/gradle/internal/build/event/types/AbstractProgressEvent;.<clinit>()V> (0x000000070e814cd0) 
thrown [s\src\hotspot\share\prims\jni.cpp, line 1112]
Event: 10.515 Thread 0x000001633e762500 Exception <a 'java/lang/NoSuchMethodError'{0x000000070e81d988}: static Lorg/gradle/internal/build/event/types/DefaultOperationDescriptor;.<clinit>()V> (0x000000070e81d988) 
thrown [s\src\hotspot\share\prims\jni.cpp, line 1112]
Event: 10.526 Thread 0x000001633e762500 Exception <a 'java/lang/NoSuchMethodError'{0x000000070e833120}: static Lorg/gradle/internal/operations/OperationIdentifier;.<clinit>()V> (0x000000070e833120) 
thrown [s\src\hotspot\share\prims\jni.cpp, line 1112]
Event: 11.113 Thread 0x000001633e761ae0 Exception <a 'java/lang/NoSuchMethodError'{0x000000070aa59208}: 'int java.lang.invoke.DirectMethodHandle$Holder.invokeStaticInit(java.lang.Object, java.lang.Object, java.lang.Object)'> (0x000000070aa59208) 
thrown [s\src\hotspot\share\interpreter\linkResolver.cpp, line 759]
Event: 12.009 Thread 0x000001633e761ae0 Exception <a 'java/lang/NoSuchMethodError'{0x000000070a10feb0}: 'void java.lang.invoke.DirectMethodHandle$Holder.invokeSpecial(java.lang.Object, java.lang.Object, java.lang.Object, java.lang.Object, java.lang.Object)'> (0x000000070a10feb0) 
thrown [s\src\hotspot\share\interpreter\linkResolver.cpp, line 759]
Event: 12.033 Thread 0x000001633e761ae0 Exception <a 'java/lang/NoSuchMethodError'{0x000000070a117810}: 'java.lang.Object java.lang.invoke.Invokers$Holder.invoker(java.lang.Object, java.lang.Object, java.lang.Object, java.lang.Object)'> (0x000000070a117810) 
thrown [s\src\hotspot\share\interpreter\linkResolver.cpp, line 759]

VM Operations (20 events):
Event: 7.377 Executing VM operation: HandshakeAllThreads
Event: 7.377 Executing VM operation: HandshakeAllThreads done
Event: 7.558 Executing VM operation: HandshakeAllThreads
Event: 7.558 Executing VM operation: HandshakeAllThreads done
Event: 7.769 Executing VM operation: HandshakeAllThreads
Event: 7.769 Executing VM operation: HandshakeAllThreads done
Event: 7.769 Executing VM operation: Cleanup
Event: 7.769 Executing VM operation: Cleanup done
Event: 8.782 Executing VM operation: Cleanup
Event: 8.782 Executing VM operation: Cleanup done
Event: 9.793 Executing VM operation: Cleanup
Event: 9.809 Executing VM operation: Cleanup done
Event: 10.241 Executing VM operation: HandshakeAllThreads
Event: 10.241 Executing VM operation: HandshakeAllThreads done
Event: 10.241 Executing VM operation: HandshakeAllThreads
Event: 10.241 Executing VM operation: HandshakeAllThreads done
Event: 11.246 Executing VM operation: Cleanup
Event: 11.247 Executing VM operation: Cleanup done
Event: 12.253 Executing VM operation: Cleanup
Event: 12.253 Executing VM operation: Cleanup done

Memory protections (0 events):
No events

Nmethod flushes (0 events):
No events

Events (20 events):
Event: 4.006 Thread 0x00000163204614c0 Thread added: 0x000001633e88c950
Event: 4.859 Thread 0x000001633e88c950 Thread exited: 0x000001633e88c950
Event: 6.157 Thread 0x00000163204614c0 Thread added: 0x000001633e13f430
Event: 6.579 Thread 0x000001637fa60210 Thread added: 0x0000016343e37020
Event: 6.843 Thread 0x000001633e13f430 Thread exited: 0x000001633e13f430
Event: 7.622 Thread 0x000001637fa60210 Thread added: 0x00000163433aa6d0
Event: 7.741 Thread 0x000001637fa60210 Thread added: 0x0000016344030020
Event: 7.864 Thread 0x00000163433aa6d0 Thread added: 0x000001633e3c47d0
Event: 7.873 Thread 0x000001633e3c47d0 Thread added: 0x000001633e3358a0
Event: 8.112 Thread 0x000001633e3c47d0 Thread added: 0x000001633e75fc80
Event: 8.135 Thread 0x000001633e3c47d0 Thread added: 0x000001633e761ae0
Event: 8.196 Thread 0x000001633e761ae0 Thread added: 0x000001633e761ff0
Event: 8.211 Thread 0x000001633e761ae0 Thread added: 0x000001633e75f770
Event: 8.222 Thread 0x000001633e761ae0 Thread added: 0x000001633e762500
Event: 9.399 Thread 0x000001633e761ae0 Thread added: 0x000001633e760190
Event: 9.420 Thread 0x000001633e761ae0 Thread added: 0x000001633e7610c0
Event: 9.508 Thread 0x000001633e7610c0 Thread added: 0x000001633e7606a0
Event: 9.520 Thread 0x000001633e761ae0 Thread added: 0x000001633e760bb0
Event: 11.009 Thread 0x00000163204614c0 Thread added: 0x0000016344819700
Event: 11.643 Thread 0x00000163204614c0 Thread added: 0x000001634680b900


Dynamic libraries:
0x00007ff7f2bd0000 - 0x00007ff7f2bde000 	C:\Program Files\Eclipse Adoptium\jdk-17.0.18.8-hotspot\bin\java.exe
0x00007ffaa70c0000 - 0x00007ffaa7327000 	C:\Windows\SYSTEM32\ntdll.dll
0x00007ffaa5610000 - 0x00007ffaa56d9000 	C:\Windows\System32\KERNEL32.DLL
0x00007ffaa44d0000 - 0x00007ffaa48bf000 	C:\Windows\System32\KERNELBASE.dll
0x00007ffaa4210000 - 0x00007ffaa435b000 	C:\Windows\System32\ucrtbase.dll
0x00007ffa84220000 - 0x00007ffa84238000 	C:\Program Files\Eclipse Adoptium\jdk-17.0.18.8-hotspot\bin\jli.dll
0x00007ffaa5f10000 - 0x00007ffaa60d5000 	C:\Windows\System32\USER32.dll
0x00007ffaa43f0000 - 0x00007ffaa4417000 	C:\Windows\System32\win32u.dll
0x00007ffa82850000 - 0x00007ffa8286e000 	C:\Program Files\Eclipse Adoptium\jdk-17.0.18.8-hotspot\bin\VCRUNTIME140.dll
0x00007ffaa5c10000 - 0x00007ffaa5c3b000 	C:\Windows\System32\GDI32.dll
0x00007ffaa3410000 - 0x00007ffaa36a3000 	C:\Windows\WinSxS\amd64_microsoft.windows.common-controls_6595b64144ccf1df_6.0.26100.7309_none_3e05feeae336a044\COMCTL32.dll
0x00007ffaa5510000 - 0x00007ffaa55b9000 	C:\Windows\System32\msvcrt.dll
0x00007ffaa48d0000 - 0x00007ffaa49fc000 	C:\Windows\System32\gdi32full.dll
0x00007ffaa4420000 - 0x00007ffaa44c3000 	C:\Windows\System32\msvcp_win.dll
0x00007ffaa55c0000 - 0x00007ffaa55f1000 	C:\Windows\System32\IMM32.DLL
0x00007ffa881d0000 - 0x00007ffa881dc000 	C:\Program Files\Eclipse Adoptium\jdk-17.0.18.8-hotspot\bin\vcruntime140_1.dll
0x00007ffa6bc20000 - 0x00007ffa6bcad000 	C:\Program Files\Eclipse Adoptium\jdk-17.0.18.8-hotspot\bin\msvcp140.dll
0x00007ffa117f0000 - 0x00007ffa1245b000 	C:\Program Files\Eclipse Adoptium\jdk-17.0.18.8-hotspot\bin\server\jvm.dll
0x00007ffaa52f0000 - 0x00007ffaa53a4000 	C:\Windows\System32\ADVAPI32.dll
0x00007ffaa5460000 - 0x00007ffaa5506000 	C:\Windows\System32\sechost.dll
0x00007ffaa6170000 - 0x00007ffaa6288000 	C:\Windows\System32\RPCRT4.dll
0x00007ffaa56e0000 - 0x00007ffaa5754000 	C:\Windows\System32\WS2_32.dll
0x00007ffaa4070000 - 0x00007ffaa40ce000 	C:\Windows\SYSTEM32\POWRPROF.dll
0x00007ffa982e0000 - 0x00007ffa982eb000 	C:\Windows\SYSTEM32\VERSION.dll
0x00007ffa93f40000 - 0x00007ffa93f75000 	C:\Windows\SYSTEM32\WINMM.dll
0x00007ffaa4050000 - 0x00007ffaa4064000 	C:\Windows\SYSTEM32\UMPDC.dll
0x00007ffaa2650000 - 0x00007ffaa266b000 	C:\Windows\SYSTEM32\kernel.appcore.dll
0x00007ffa88070000 - 0x00007ffa8807a000 	C:\Program Files\Eclipse Adoptium\jdk-17.0.18.8-hotspot\bin\jimage.dll
0x00007ffaa3ae0000 - 0x00007ffaa3d22000 	C:\Windows\SYSTEM32\DBGHELP.DLL
0x00007ffaa4f60000 - 0x00007ffaa52e6000 	C:\Windows\System32\combase.dll
0x00007ffaa5c40000 - 0x00007ffaa5d16000 	C:\Windows\System32\OLEAUT32.dll
0x00007ffaa38b0000 - 0x00007ffaa38ec000 	C:\Windows\SYSTEM32\dbgcore.DLL
0x00007ffaa4db0000 - 0x00007ffaa4e55000 	C:\Windows\System32\bcryptPrimitives.dll
0x00007ffa82a20000 - 0x00007ffa82a2e000 	C:\Program Files\Eclipse Adoptium\jdk-17.0.18.8-hotspot\bin\instrument.dll
0x00007ffa826f0000 - 0x00007ffa82715000 	C:\Program Files\Eclipse Adoptium\jdk-17.0.18.8-hotspot\bin\java.dll
0x00007ffa691a0000 - 0x00007ffa69277000 	C:\Program Files\Eclipse Adoptium\jdk-17.0.18.8-hotspot\bin\jsvml.dll
0x00007ffaa62a0000 - 0x00007ffaa69f3000 	C:\Windows\System32\SHELL32.dll
0x00007ffaa4ac0000 - 0x00007ffaa4c2a000 	C:\Windows\System32\wintypes.dll
0x00007ffaa1360000 - 0x00007ffaa1bbe000 	C:\Windows\SYSTEM32\windows.storage.dll
0x00007ffaa4e60000 - 0x00007ffaa4f55000 	C:\Windows\System32\SHCORE.dll
0x00007ffaa57f0000 - 0x00007ffaa5856000 	C:\Windows\System32\shlwapi.dll
0x00007ffaa4130000 - 0x00007ffaa4159000 	C:\Windows\SYSTEM32\profapi.dll
0x00007ffa81470000 - 0x00007ffa81488000 	C:\Program Files\Eclipse Adoptium\jdk-17.0.18.8-hotspot\bin\zip.dll
0x00007ffa82310000 - 0x00007ffa8232a000 	C:\Program Files\Eclipse Adoptium\jdk-17.0.18.8-hotspot\bin\net.dll
0x00007ffa98a10000 - 0x00007ffa98b38000 	C:\Windows\SYSTEM32\WINHTTP.dll
0x00007ffaa2b60000 - 0x00007ffaa2bcb000 	C:\Windows\system32\mswsock.dll
0x00007ffa82130000 - 0x00007ffa82146000 	C:\Program Files\Eclipse Adoptium\jdk-17.0.18.8-hotspot\bin\nio.dll
0x00007ffa878f0000 - 0x00007ffa87900000 	C:\Program Files\Eclipse Adoptium\jdk-17.0.18.8-hotspot\bin\verify.dll
0x00007ffa7fe90000 - 0x00007ffa7feb7000 	C:\Users\Usuario\.gradle\native\1def1411415f61bf3af743bc5b6707747c0891f09f0c88961ee8f79bc544acac\windows-amd64\native-platform.dll
0x00007ffa641d0000 - 0x00007ffa64248000 	C:\Users\Usuario\.gradle\native\0.2.7\x86_64-windows-gnu\gradle-fileevents.dll
0x00007ffa846a0000 - 0x00007ffa846aa000 	C:\Program Files\Eclipse Adoptium\jdk-17.0.18.8-hotspot\bin\management.dll
0x00007ffa84210000 - 0x00007ffa8421c000 	C:\Program Files\Eclipse Adoptium\jdk-17.0.18.8-hotspot\bin\management_ext.dll
0x00007ffaa5600000 - 0x00007ffaa5608000 	C:\Windows\System32\PSAPI.DLL
0x00007ffaa2080000 - 0x00007ffaa20b4000 	C:\Windows\SYSTEM32\IPHLPAPI.DLL
0x00007ffaa57e0000 - 0x00007ffaa57ea000 	C:\Windows\System32\NSI.dll
0x00007ffa99540000 - 0x00007ffa9955e000 	C:\Windows\SYSTEM32\dhcpcsvc6.DLL
0x00007ffa994b0000 - 0x00007ffa994d3000 	C:\Windows\SYSTEM32\dhcpcsvc.DLL
0x00007ffaa2110000 - 0x00007ffaa223c000 	C:\Windows\SYSTEM32\DNSAPI.dll
0x00007ffa83090000 - 0x00007ffa83099000 	C:\Program Files\Eclipse Adoptium\jdk-17.0.18.8-hotspot\bin\extnet.dll
0x00007ffaa3d30000 - 0x00007ffaa3d4b000 	C:\Windows\SYSTEM32\CRYPTSP.dll
0x00007ffaa3000000 - 0x00007ffaa303a000 	C:\Windows\system32\rsaenh.dll
0x00007ffaa2bd0000 - 0x00007ffaa2bfb000 	C:\Windows\SYSTEM32\USERENV.dll
0x00007ffaa4100000 - 0x00007ffaa412a000 	C:\Windows\SYSTEM32\bcrypt.dll
0x00007ffaa3250000 - 0x00007ffaa325c000 	C:\Windows\SYSTEM32\CRYPTBASE.dll
0x00007ffa828e0000 - 0x00007ffa828ee000 	C:\Program Files\Eclipse Adoptium\jdk-17.0.18.8-hotspot\bin\sunmscapi.dll
0x00007ffaa4c30000 - 0x00007ffaa4da7000 	C:\Windows\System32\CRYPT32.dll
0x00007ffaa3210000 - 0x00007ffaa3240000 	C:\Windows\SYSTEM32\ncrypt.dll
0x00007ffaa31c0000 - 0x00007ffaa31ff000 	C:\Windows\SYSTEM32\NTASN1.dll
0x00007ffa1ad00000 - 0x00007ffa1ad08000 	C:\Windows\system32\wshunix.dll

dbghelp: loaded successfully - version: 4.0.5 - missing functions: none
symbol engine: initialized successfully - sym options: 0x614 - pdb path: .;C:\Program Files\Eclipse Adoptium\jdk-17.0.18.8-hotspot\bin;C:\Windows\SYSTEM32;C:\Windows\WinSxS\amd64_microsoft.windows.common-controls_6595b64144ccf1df_6.0.26100.7309_none_3e05feeae336a044;C:\Program Files\Eclipse Adoptium\jdk-17.0.18.8-hotspot\bin\server;C:\Users\Usuario\.gradle\native\1def1411415f61bf3af743bc5b6707747c0891f09f0c88961ee8f79bc544acac\windows-amd64;C:\Users\Usuario\.gradle\native\0.2.7\x86_64-windows-gnu

VM Arguments:
jvm_args: --add-opens=java.base/java.lang=ALL-UNNAMED --add-opens=java.base/java.lang.invoke=ALL-UNNAMED --add-opens=java.base/java.util=ALL-UNNAMED --add-opens=java.prefs/java.util.prefs=ALL-UNNAMED --add-exports=jdk.compiler/com.sun.tools.javac.api=ALL-UNNAMED --add-exports=jdk.compiler/com.sun.tools.javac.util=ALL-UNNAMED --add-opens=java.base/java.util=ALL-UNNAMED --add-opens=java.prefs/java.util.prefs=ALL-UNNAMED --add-opens=java.base/java.nio.charset=ALL-UNNAMED --add-opens=java.base/java.net=ALL-UNNAMED --add-opens=java.base/java.util.concurrent.atomic=ALL-UNNAMED --add-opens=java.xml/javax.xml.namespace=ALL-UNNAMED -XX:MaxMetaspaceSize=512m -Xmx4096m -Dfile.encoding=UTF-8 -Duser.country=MX -Duser.language=es -Duser.variant -javaagent:C:\Users\Usuario\.gradle\wrapper\dists\gradle-8.14.3-bin\cv11ve7ro1n3o1j4so8xd9n66\gradle-8.14.3\lib\agents\gradle-instrumentation-agent-8.14.3.jar 
java_command: org.gradle.launcher.daemon.bootstrap.GradleDaemon 8.14.3
java_class_path (initial): C:\Users\Usuario\.gradle\wrapper\dists\gradle-8.14.3-bin\cv11ve7ro1n3o1j4so8xd9n66\gradle-8.14.3\lib\gradle-daemon-main-8.14.3.jar
Launcher Type: SUN_STANDARD

[Global flags]
     intx CICompilerCount                          = 4                                         {product} {ergonomic}
   size_t CompressedClassSpaceSize                 = 436207616                                 {product} {ergonomic}
     uint ConcGCThreads                            = 2                                         {product} {ergonomic}
     uint G1ConcRefinementThreads                  = 8                                         {product} {ergonomic}
   size_t G1HeapRegionSize                         = 2097152                                   {product} {ergonomic}
    uintx GCDrainStackTargetSize                   = 64                                        {product} {ergonomic}
   size_t InitialHeapSize                          = 266338304                                 {product} {ergonomic}
   size_t MarkStackSize                            = 4194304                                   {product} {ergonomic}
   size_t MaxHeapSize                              = 4294967296                                {product} {command line}
   size_t MaxMetaspaceSize                         = 536870912                                 {product} {command line}
   size_t MaxNewSize                               = 2575302656                                {product} {ergonomic}
   size_t MinHeapDeltaBytes                        = 2097152                                   {product} {ergonomic}
   size_t MinHeapSize                              = 8388608                                   {product} {ergonomic}
    uintx NonNMethodCodeHeapSize                   = 5839372                                {pd product} {ergonomic}
    uintx NonProfiledCodeHeapSize                  = 122909434                              {pd product} {ergonomic}
    uintx ProfiledCodeHeapSize                     = 122909434                              {pd product} {ergonomic}
    uintx ReservedCodeCacheSize                    = 251658240                              {pd product} {ergonomic}
     bool SegmentedCodeCache                       = true                                      {product} {ergonomic}
   size_t SoftMaxHeapSize                          = 4294967296                             {manageable} {ergonomic}
     bool UseCompressedClassPointers               = true                           {product lp64_product} {ergonomic}
     bool UseCompressedOops                        = true                           {product lp64_product} {ergonomic}
     bool UseG1GC                                  = true                                      {product} {ergonomic}
     bool UseLargePagesIndividualAllocation        = false                                  {pd product} {ergonomic}

Logging:
Log output configuration:
 #0: stdout all=warning uptime,level,tags
 #1: stderr all=off uptime,level,tags

Environment Variables:
JAVA_HOME=C:\Program Files\Eclipse Adoptium\jdk-17.0.18.8-hotspot
PATH=C:\Python314\Scripts\;C:\Python314\;C:\Program Files\Eclipse Adoptium\jdk-17.0.18.8-hotspot\bin;C:\Windows\system32;C:\Windows;C:\Windows\System32\Wbem;C:\Windows\System32\WindowsPowerShell\v1.0\;C:\Windows\System32\OpenSSH\;C:\ProgramData\chocolatey\bin;C:\Program Files\nodejs\;C:\Users\Usuario\AppData\Local\Android\Sdk\platform-tools;C:\Users\Usuario\AppData\Local\Android\Sdk\tools;C:\Program Files\Eclipse Adoptium\jdk-17.0.18.8-hotspot\bin;C:\Users\Usuario\AppData\Local\Microsoft\WindowsApps;C:\Users\Usuario\AppData\Local\Programs\Antigravity\bin;C:\Users\Usuario\AppData\Roaming\npm
USERNAME=Usuario
OS=Windows_NT
PROCESSOR_IDENTIFIER=Intel64 Family 6 Model 142 Stepping 12, GenuineIntel
TMP=C:\Users\Usuario\AppData\Local\Temp
TEMP=C:\Users\Usuario\AppData\Local\Temp



Periodic native trim disabled


---------------  S Y S T E M  ---------------

OS:
 Windows 11 , 64 bit Build 26100 (10.0.26100.7623)
OS uptime: 3 days 20:18 hours
Hyper-V role detected

CPU: total 8 (initial active 8) (4 cores per cpu, 2 threads per core) family 6 model 142 stepping 12 microcode 0xf8, cx8, cmov, fxsr, ht, mmx, 3dnowpref, sse, sse2, sse3, ssse3, sse4.1, sse4.2, popcnt, lzcnt, tsc, tscinvbit, avx, avx2, aes, erms, clmul, bmi1, bmi2, adx, fma, vzeroupper, clflush, clflushopt, hv
Processor Information for all 8 processors :
  Max Mhz: 1896, Current Mhz: 1596, Mhz Limit: 1592

Memory: 4k page, system-wide physical 16198M (4222M free)
TotalPageFile size 23047M (AvailPageFile size 4588M)
current process WorkingSet (physical memory assigned to process): 264M, peak: 266M
current process commit charge ("private bytes"): 457M, peak: 460M

vm_info: OpenJDK 64-Bit Server VM (17.0.18+8) for windows-amd64 JRE (17.0.18+8), built on Jan 20 2026 22:28:22 by "admin" with MS VC++ 17.12 (VS2022)

END.
